<?xml version="1.0" encoding="UTF-8"?>
<!-- Generated by org.testng.reporters.JUnitXMLReporter -->
<testsuite hostname="LAPTOP-TFPVS78C" ignored="0" name="Default test" tests="3" failures="0" timestamp="11 Mar 2020 03:46:51 GMT" time="85.434" errors="0">
  <testcase name="LoginPageTitleTest" time="0.039" classname="com.crm.qa.testcases.LoginPageTest"/>
  <testcase name="crmLoginImageTest" time="0.081" classname="com.crm.qa.testcases.LoginPageTest"/>
  <testcase name="loginTest" time="19.125" classname="com.crm.qa.testcases.LoginPageTest"/>
</testsuite> <!-- Default test -->
