<?xml version="1.0" encoding="UTF-8"?>
<testng-results skipped="0" failed="0" ignored="0" total="3" passed="3">
  <reporter-output>
  </reporter-output>
  <suite name="Default suite" duration-ms="85434" started-at="2020-03-11T03:45:25Z" finished-at="2020-03-11T03:46:51Z">
    <groups>
    </groups>
    <test name="Default test" duration-ms="85434" started-at="2020-03-11T03:45:25Z" finished-at="2020-03-11T03:46:51Z">
      <class name="com.crm.qa.testcases.LoginPageTest">
        <test-method status="PASS" signature="SetUp()[pri:0, instance:com.crm.qa.testcases.LoginPageTest@548e7350]" name="SetUp" is-config="true" duration-ms="24618" started-at="2020-03-11T09:15:25Z" finished-at="2020-03-11T09:15:50Z">
          <reporter-output>
          </reporter-output>
        </test-method> <!-- SetUp -->
        <test-method status="PASS" signature="LoginPageTitleTest()[pri:1, instance:com.crm.qa.testcases.LoginPageTest@548e7350]" name="LoginPageTitleTest" duration-ms="39" started-at="2020-03-11T09:15:50Z" finished-at="2020-03-11T09:15:50Z">
          <reporter-output>
          </reporter-output>
        </test-method> <!-- LoginPageTitleTest -->
        <test-method status="PASS" signature="tearDown()[pri:0, instance:com.crm.qa.testcases.LoginPageTest@548e7350]" name="tearDown" is-config="true" duration-ms="839" started-at="2020-03-11T09:15:50Z" finished-at="2020-03-11T09:15:51Z">
          <reporter-output>
          </reporter-output>
        </test-method> <!-- tearDown -->
        <test-method status="PASS" signature="SetUp()[pri:0, instance:com.crm.qa.testcases.LoginPageTest@548e7350]" name="SetUp" is-config="true" duration-ms="18055" started-at="2020-03-11T09:15:51Z" finished-at="2020-03-11T09:16:09Z">
          <reporter-output>
          </reporter-output>
        </test-method> <!-- SetUp -->
        <test-method status="PASS" signature="crmLoginImageTest()[pri:2, instance:com.crm.qa.testcases.LoginPageTest@548e7350]" name="crmLoginImageTest" duration-ms="81" started-at="2020-03-11T09:16:09Z" finished-at="2020-03-11T09:16:09Z">
          <reporter-output>
          </reporter-output>
        </test-method> <!-- crmLoginImageTest -->
        <test-method status="PASS" signature="tearDown()[pri:0, instance:com.crm.qa.testcases.LoginPageTest@548e7350]" name="tearDown" is-config="true" duration-ms="675" started-at="2020-03-11T09:16:09Z" finished-at="2020-03-11T09:16:09Z">
          <reporter-output>
          </reporter-output>
        </test-method> <!-- tearDown -->
        <test-method status="PASS" signature="SetUp()[pri:0, instance:com.crm.qa.testcases.LoginPageTest@548e7350]" name="SetUp" is-config="true" duration-ms="21266" started-at="2020-03-11T09:16:10Z" finished-at="2020-03-11T09:16:31Z">
          <reporter-output>
          </reporter-output>
        </test-method> <!-- SetUp -->
        <test-method status="PASS" signature="loginTest()[pri:3, instance:com.crm.qa.testcases.LoginPageTest@548e7350]" name="loginTest" duration-ms="19125" started-at="2020-03-11T09:16:31Z" finished-at="2020-03-11T09:16:50Z">
          <reporter-output>
          </reporter-output>
        </test-method> <!-- loginTest -->
        <test-method status="PASS" signature="tearDown()[pri:0, instance:com.crm.qa.testcases.LoginPageTest@548e7350]" name="tearDown" is-config="true" duration-ms="698" started-at="2020-03-11T09:16:50Z" finished-at="2020-03-11T09:16:51Z">
          <reporter-output>
          </reporter-output>
        </test-method> <!-- tearDown -->
      </class> <!-- com.crm.qa.testcases.LoginPageTest -->
    </test> <!-- Default test -->
  </suite> <!-- Default suite -->
</testng-results>
